<?xml version="1.0" encoding="UTF-8"?>
<!-- Generated by org.testng.reporters.JUnitReportReporter -->
<testsuite hostname="DESKTOP-CCPG5IB" failures="0" tests="1" name="local.Gmail" time="133.963" errors="0" timestamp="2022-03-19T17:24:31 IST" skipped="0">
  <testcase classname="local.Gmail" name="AirNujini" time="133.963"/>
  <system-out/>
</testsuite> <!-- local.Gmail -->
