<?xml version="1.0" encoding="UTF-8"?>
<!-- Generated by org.testng.reporters.JUnitReportReporter -->
<testsuite hostname="DESKTOP-CCPG5IB" failures="0" tests="1" name="local.AirNujini" time="58.755" errors="0" timestamp="2022-03-19T21:42:48 IST" skipped="0">
  <testcase classname="local.AirNujini" name="AirNujini" time="58.755"/>
  <system-out/>
</testsuite> <!-- local.AirNujini -->
