<?xml version="1.0" encoding="UTF-8"?>
<!-- Generated by org.testng.reporters.JUnitReportReporter -->
<testsuite hostname="DESKTOP-CCPG5IB" failures="0" tests="1" name="local.MyChoiceMyPlan" time="95.105" errors="0" timestamp="2022-03-19T21:54:16 IST" skipped="0">
  <testcase classname="local.MyChoiceMyPlan" name="MyChoiceMyPlan" time="95.105"/>
  <system-out/>
</testsuite> <!-- local.MyChoiceMyPlan -->
