<?xml version="1.0" encoding="UTF-8"?>
<!-- Generated by org.testng.reporters.JUnitReportReporter -->
<testsuite hostname="DESKTOP-CCPG5IB" failures="0" tests="1" name="local.TFP" time="102.449" errors="0" timestamp="2022-03-19T22:09:38 IST" skipped="0">
  <testcase classname="local.TFP" name="TFP" time="102.449"/>
  <system-out/>
</testsuite> <!-- local.TFP -->
